2025-10-26 19:08:22,343 - INFO - Connected to MongoDB database: local
2025-10-26 19:08:22,344 - INFO - Getting documents from collection: listings
2025-10-26 19:08:22,344 - INFO - Document size: 2
2025-10-26 19:08:22,346 - INFO - Getting documents from collection: reviews
2025-10-26 19:08:22,346 - INFO - Document size: 2
2025-10-26 19:08:22,347 - INFO - Getting documents from collection: calendar
2025-10-26 19:08:22,347 - INFO - Document size: 2
2025-10-26 19:08:22,355 - INFO - Transformacion iniciada. Registros iniciales: 2
2025-10-26 19:08:22,356 - INFO - Duplicados eliminados: 0
2025-10-26 19:08:22,361 - INFO - Nulos en columna name: 0 reemplazados por ''
2025-10-26 19:08:22,361 - INFO - Nulos en columna price: 0 reemplazados por ''
2025-10-26 19:08:22,362 - INFO - Columna price normalizada a float (NaN para valores inválidos)
2025-10-26 19:08:22,364 - INFO - DataFrame limpio guardado en ../data/listings_limpio.csv
2025-10-26 19:08:22,386 - INFO - Connected to MongoDB database: airbnb
2025-10-26 19:08:22,386 - INFO - Getting documents from collection: listings
2025-10-26 19:08:22,386 - INFO - Document size: 0
2025-10-26 19:08:22,387 - INFO - Getting documents from collection: reviews
2025-10-26 19:08:22,387 - INFO - Document size: 0
2025-10-26 19:08:22,388 - INFO - Getting documents from collection: calendar
2025-10-26 19:08:22,388 - INFO - Document size: 0
