2025-10-26 19:09:49,476 - INFO - Connected to MongoDB database: local
2025-10-26 19:09:49,476 - INFO - Getting documents from collection: listings
2025-10-26 19:09:49,477 - INFO - Document size: 2
2025-10-26 19:09:49,478 - INFO - Getting documents from collection: reviews
2025-10-26 19:09:49,479 - INFO - Document size: 2
2025-10-26 19:09:49,480 - INFO - Getting documents from collection: calendar
2025-10-26 19:09:49,480 - INFO - Document size: 2
2025-10-26 19:09:49,488 - INFO - Transformacion iniciada. Registros iniciales: 2
2025-10-26 19:09:49,489 - INFO - Duplicados eliminados: 0
2025-10-26 19:09:49,491 - INFO - Nulos en columna name: 0 reemplazados por ''
2025-10-26 19:09:49,492 - INFO - Nulos en columna price: 0 reemplazados por ''
2025-10-26 19:09:49,492 - INFO - Columna price normalizada a float (NaN para valores inválidos)
2025-10-26 19:09:49,494 - INFO - DataFrame limpio guardado en ../data/listings_limpio.csv
2025-10-26 19:09:49,520 - INFO - Connected to MongoDB database: airbnb
2025-10-26 19:09:49,520 - INFO - Getting documents from collection: listings
2025-10-26 19:09:49,521 - INFO - Document size: 0
2025-10-26 19:09:49,521 - INFO - Getting documents from collection: reviews
2025-10-26 19:09:49,522 - INFO - Document size: 0
2025-10-26 19:09:49,522 - INFO - Getting documents from collection: calendar
2025-10-26 19:09:49,523 - INFO - Document size: 0
